<?xml version="1.0" encoding="UTF-8"?>
<!-- Generated by org.testng.reporters.JUnitReportReporter -->
<testsuite skipped="0" hostname="IBM873-PC09G50B" name="com.training.sanity.tests.ELTC_030" tests="1" failures="0" timestamp="19 Feb 2019 06:51:25 GMT" time="15.903" errors="0">
  <testcase name="LogOutAdmin" time="15.903" classname="com.training.sanity.tests.ELTC_030"/>
</testsuite> <!-- com.training.sanity.tests.ELTC_030 -->
