<?xml version="1.0" encoding="UTF-8"?>
<!-- Generated by org.testng.reporters.JUnitReportReporter -->
<testsuite skipped="0" hostname="IBM873-PC09G50B" name="com.training.sanity.tests.ELTC_028" tests="1" failures="0" timestamp="19 Feb 2019 05:52:45 GMT" time="29.062" errors="0">
  <testcase name="subscriberCourse" time="29.062" classname="com.training.sanity.tests.ELTC_028"/>
</testsuite> <!-- com.training.sanity.tests.ELTC_028 -->
