<?xml version="1.0" encoding="UTF-8"?>
<!-- Generated by org.testng.reporters.JUnitReportReporter -->
<testsuite skipped="0" hostname="IBM873-PC09G50B" name="com.training.sanity.tests.ELTC_056" tests="1" failures="0" timestamp="28 Feb 2019 16:55:01 GMT" time="38.342" errors="0">
  <testcase name="SessionCategories" time="38.342" classname="com.training.sanity.tests.ELTC_056"/>
</testsuite> <!-- com.training.sanity.tests.ELTC_056 -->
