<?xml version="1.0" encoding="UTF-8"?>
<!-- Generated by org.testng.reporters.JUnitReportReporter -->
<testsuite skipped="0" hostname="IBM873-PC09G50B" name="com.training.sanity.tests.ELTC_029" tests="1" failures="0" timestamp="15 Feb 2019 10:32:08 GMT" time="28.438" errors="0">
  <testcase name="subscriberCourse" time="28.438" classname="com.training.sanity.tests.ELTC_029"/>
</testsuite> <!-- com.training.sanity.tests.ELTC_029 -->
