<?xml version="1.0" encoding="UTF-8"?>
<!-- Generated by org.testng.reporters.JUnitReportReporter -->
<testsuite skipped="0" hostname="IBM873-PC09G50B" name="com.training.sanity.tests.LoginTests" tests="1" failures="0" timestamp="14 Feb 2019 04:52:32 GMT" time="24.104" errors="0">
  <testcase name="validLoginTest" time="24.104" classname="com.training.sanity.tests.LoginTests"/>
</testsuite> <!-- com.training.sanity.tests.LoginTests -->
