<?xml version="1.0" encoding="UTF-8"?>
<!-- Generated by org.testng.reporters.JUnitReportReporter -->
<testsuite skipped="0" hostname="IBM873-PC09G50B" name="com.training.sanity.tests.ELTC_026" tests="1" failures="0" timestamp="19 Feb 2019 05:45:35 GMT" time="28.580" errors="0">
  <testcase name="validLoginTest" time="28.580" classname="com.training.sanity.tests.ELTC_026"/>
</testsuite> <!-- com.training.sanity.tests.ELTC_026 -->
