<?xml version="1.0" encoding="UTF-8"?>
<!-- Generated by org.testng.reporters.JUnitReportReporter -->
<testsuite skipped="0" hostname="IBM873-PC09G50B" name="com.training.sanity.tests.ELTC_001" tests="1" failures="0" timestamp="14 Feb 2019 05:17:30 GMT" time="30.369" errors="0">
  <testcase name="validLoginTest" time="30.369" classname="com.training.sanity.tests.ELTC_001"/>
</testsuite> <!-- com.training.sanity.tests.ELTC_001 -->
