<?xml version="1.0" encoding="UTF-8"?>
<!-- Generated by org.testng.reporters.JUnitReportReporter -->
<testsuite skipped="0" hostname="IBM873-PC09G50B" name="com.training.sanity.tests.ELTC_057" tests="1" failures="0" timestamp="01 Mar 2019 06:56:28 GMT" time="39.247" errors="0">
  <testcase name="careerandpromotion" time="39.247" classname="com.training.sanity.tests.ELTC_057"/>
</testsuite> <!-- com.training.sanity.tests.ELTC_057 -->
