<?xml version="1.0" encoding="UTF-8"?>
<!-- Generated by org.testng.reporters.JUnitReportReporter -->
<testsuite skipped="0" hostname="IBM873-PC09G50B" name="com.training.sanity.tests.ELTC_058" tests="1" failures="0" timestamp="01 Mar 2019 07:08:05 GMT" time="31.379" errors="0">
  <testcase name="CourseTitleAdd" time="31.379" classname="com.training.sanity.tests.ELTC_058"/>
</testsuite> <!-- com.training.sanity.tests.ELTC_058 -->
