<?xml version="1.0" encoding="UTF-8"?>
<!-- Generated by org.testng.reporters.JUnitReportReporter -->
<testsuite skipped="0" hostname="IBM873-PC09G50B" name="com.training.sanity.tests.ELTC_088" tests="4" failures="0" timestamp="10 Mar 2019 17:52:58 GMT" time="98.878" errors="0">
  <testcase name="SignUpExcelTest" time="23.095" classname="com.training.sanity.tests.ELTC_088"/>
  <testcase name="SignUpExcelTest" time="25.329" classname="com.training.sanity.tests.ELTC_088"/>
  <testcase name="SignUpExcelTest" time="25.729" classname="com.training.sanity.tests.ELTC_088"/>
  <testcase name="SignUpExcelTest" time="24.725" classname="com.training.sanity.tests.ELTC_088"/>
</testsuite> <!-- com.training.sanity.tests.ELTC_088 -->
