<?xml version="1.0" encoding="UTF-8"?>
<!-- Generated by org.testng.reporters.JUnitReportReporter -->
<testsuite skipped="0" hostname="IBM873-PC09G50B" name="com.training.sanity.tests.ELTC_090" tests="1" failures="0" timestamp="11 Mar 2019 06:12:10 GMT" time="90.559" errors="0">
  <testcase name="Validtests" time="90.559" classname="com.training.sanity.tests.ELTC_090"/>
</testsuite> <!-- com.training.sanity.tests.ELTC_090 -->
