<?xml version="1.0" encoding="UTF-8"?>
<!-- Generated by org.testng.reporters.JUnitReportReporter -->
<testsuite skipped="0" hostname="IBM873-PC09G50B" name="com.training.sanity.tests.OrderSequenceTest" tests="4" failures="0" timestamp="11 Mar 2019 11:46:57 GMT" time="0.021" errors="0">
  <testcase name="home" time="0.013" classname="com.training.sanity.tests.OrderSequenceTest"/>
  <testcase name="begin" time="0.003" classname="com.training.sanity.tests.OrderSequenceTest"/>
  <testcase name="register" time="0.002" classname="com.training.sanity.tests.OrderSequenceTest"/>
  <testcase name="login" time="0.003" classname="com.training.sanity.tests.OrderSequenceTest"/>
</testsuite> <!-- com.training.sanity.tests.OrderSequenceTest -->
