<?xml version="1.0" encoding="UTF-8"?>
<!-- Generated by org.testng.reporters.JUnitReportReporter -->
<testsuite skipped="0" hostname="IBM873-PC09G50B" name="com.training.sanity.tests.ELTC_086" tests="1" failures="0" timestamp="07 Mar 2019 07:23:08 GMT" time="48.237" errors="0">
  <testcase name="CourseAddedtoSession" time="48.237" classname="com.training.sanity.tests.ELTC_086"/>
</testsuite> <!-- com.training.sanity.tests.ELTC_086 -->
